TN:
SF:script/Counter.s.sol
FN:7,CounterScript.setUp
FNDA:0,CounterScript.setUp
FN:9,CounterScript.run
FNDA:0,CounterScript.run
DA:10,0
FNF:2
FNH:0
LF:1
LH:0
BRF:0
BRH:0
end_of_record
TN:
SF:src/Counter.sol
FN:7,Counter.setNumber
FNDA:256,Counter.setNumber
DA:8,256
FN:11,Counter.increment
FNDA:1,Counter.increment
DA:12,1
FNF:2
FNH:2
LF:2
LH:2
BRF:0
BRH:0
end_of_record
TN:
SF:src/CustomErrorContract.sol
FN:7,CustomErrorContract.revertError
FNDA:1,CustomErrorContract.revertError
DA:8,1
FNF:1
FNH:1
LF:1
LH:1
BRF:0
BRH:0
end_of_record
TN:
SF:src/Deposit.sol
FN:15,Deposit.buyerDeposit
FNDA:783,Deposit.buyerDeposit
DA:16,783
BRDA:16,0,0,772
BRDA:16,0,1,11
DA:17,11
DA:18,11
BRDA:18,1,0,1
BRDA:18,1,1,10
DA:19,10
DA:21,10
FN:24,Deposit.sellerWithdraw
FNDA:7,Deposit.sellerWithdraw
DA:25,7
BRDA:25,2,0,1
BRDA:25,2,1,6
DA:26,6
DA:27,6
BRDA:27,3,0,1
BRDA:27,3,1,5
DA:28,5
BRDA:28,4,0,1
BRDA:28,4,1,3
DA:32,3
DA:34,3
DA:35,3
DA:36,3
BRDA:36,5,0,-
BRDA:36,5,1,3
FNF:2
FNH:2
LF:13
LH:13
BRF:12
BRH:11
end_of_record
TN:
SF:src/Owner.sol
FN:16,Owner.changeOwner
FNDA:1,Owner.changeOwner
DA:17,1
FNF:1
FNH:1
LF:1
LH:1
BRF:0
BRH:0
end_of_record
